<?xml version="1.0" encoding="UTF-8"?>
<!-- Generated by org.testng.reporters.JUnitReportReporter -->
<testsuite hostname="PRXSION-SONALI" failures="0" tests="2" name="runner.RunTest" time="26.685" errors="0" timestamp="2024-08-06T01:05:37 IST" skipped="0">
  <testcase classname="runner.RunTest" name="runScenario" time="15.147"/>
  <system-out/>
  <testcase classname="runner.RunTest" name="runScenario" time="11.538"/>
  <system-out/>
</testsuite> <!-- runner.RunTest -->
